/*C27*/SET SCHEMA PUBLIC
DISCONNECT
/*C28*/SET SCHEMA PUBLIC
DISCONNECT
/*C29*/SET SCHEMA PUBLIC
DISCONNECT
/*C30*/SET SCHEMA PUBLIC
DISCONNECT
/*C32*/SET SCHEMA PUBLIC
DISCONNECT
/*C33*/SET SCHEMA PUBLIC
DISCONNECT
/*C34*/SET SCHEMA PUBLIC
DISCONNECT
/*C35*/SET SCHEMA PUBLIC
DISCONNECT
/*C36*/SET SCHEMA PUBLIC
DISCONNECT
/*C37*/SET SCHEMA PUBLIC
DISCONNECT
/*C38*/SET SCHEMA PUBLIC
DELETE FROM "dm_dim_alfresco" WHERE "id"=1
INSERT INTO "dm_dim_alfresco" VALUES(1,'Alfresco','admin','admin','http','localhost','8080','/alfresco/api/-default-/public/search/versions/1/',50000,50000,50000,'Y')
COMMIT
DISCONNECT
/*C39*/SET SCHEMA PUBLIC
DISCONNECT
/*C40*/SET SCHEMA PUBLIC
DISCONNECT
/*C41*/SET SCHEMA PUBLIC
DISCONNECT
/*C42*/SET SCHEMA PUBLIC
DISCONNECT
/*C43*/SET SCHEMA PUBLIC
DISCONNECT
/*C44*/SET SCHEMA PUBLIC
DISCONNECT
/*C45*/SET SCHEMA PUBLIC
DISCONNECT
/*C46*/SET SCHEMA PUBLIC
DELETE FROM "dm_dim_alfresco" WHERE "id"=1
INSERT INTO "dm_dim_alfresco" VALUES(1,'Alfresco','admin','admin','http','localhostw','8080','/alfresco/api/-default-/public/search/versions/1/',50000,50000,50000,'Y')
COMMIT
DISCONNECT
/*C47*/SET SCHEMA PUBLIC
DISCONNECT
/*C48*/SET SCHEMA PUBLIC
DISCONNECT
/*C49*/SET SCHEMA PUBLIC
DISCONNECT
/*C50*/SET SCHEMA PUBLIC
DELETE FROM "dm_dim_alfresco" WHERE "id"=1
INSERT INTO "dm_dim_alfresco" VALUES(1,'Alfresco','admin','admin','https','localhost','8080','/alfresco/api/-default-/public/search/versions/1/',50000,50000,50000,'Y')
COMMIT
DISCONNECT
/*C51*/SET SCHEMA PUBLIC
DELETE FROM "dm_dim_alfresco" WHERE "id"=1
INSERT INTO "dm_dim_alfresco" VALUES(1,'Alfresco','admin','admin','https','127.0.0.1','8080','/alfresco/api/-default-/public/search/versions/1/',50000,50000,50000,'Y')
COMMIT
DISCONNECT
/*C52*/SET SCHEMA PUBLIC
DISCONNECT
/*C31*/SET SCHEMA PUBLIC
DISCONNECT
/*C53*/SET SCHEMA PUBLIC
DISCONNECT
/*C54*/SET SCHEMA PUBLIC
DISCONNECT
/*C55*/SET SCHEMA PUBLIC
DISCONNECT
/*C56*/SET SCHEMA PUBLIC
DISCONNECT
/*C57*/SET SCHEMA PUBLIC
DISCONNECT
/*C58*/SET SCHEMA PUBLIC
DISCONNECT
/*C59*/SET SCHEMA PUBLIC
DISCONNECT
/*C60*/SET SCHEMA PUBLIC
DISCONNECT
/*C61*/SET SCHEMA PUBLIC
DISCONNECT
/*C62*/SET SCHEMA PUBLIC
DISCONNECT
/*C63*/SET SCHEMA PUBLIC
DISCONNECT
/*C64*/SET SCHEMA PUBLIC
DISCONNECT
/*C65*/SET SCHEMA PUBLIC
DELETE FROM "dm_dim_alfresco" WHERE "id"=1
INSERT INTO "dm_dim_alfresco" VALUES(1,'Alfresco','admin','admin','http','localhost','8080','/alfresco/api/-default-/public/search/versions/1/',50000,50000,50000,'Y')
COMMIT
DISCONNECT
/*C66*/SET SCHEMA PUBLIC
DELETE FROM "dm_dim_alfresco" WHERE "id"=1
INSERT INTO "dm_dim_alfresco" VALUES(1,'Alfresco','admin','admin','http','localhost','8081','/alfresco/api/-default-/public/search/versions/1/',50000,50000,50000,'Y')
COMMIT
DISCONNECT
/*C67*/SET SCHEMA PUBLIC
DISCONNECT
/*C68*/SET SCHEMA PUBLIC
DISCONNECT
/*C69*/SET SCHEMA PUBLIC
DELETE FROM "dm_dim_alfresco" WHERE "id"=1
INSERT INTO "dm_dim_alfresco" VALUES(1,'Alfresco','admin','admin','http','localhost','8080','/alfresco/api/-default-/public/search/versions/1/',50000,50000,50000,'Y')
COMMIT
DISCONNECT
/*C70*/SET SCHEMA PUBLIC
DISCONNECT
/*C71*/SET SCHEMA PUBLIC
DISCONNECT
/*C72*/SET SCHEMA PUBLIC
DISCONNECT
/*C73*/SET SCHEMA PUBLIC
DISCONNECT
/*C74*/SET SCHEMA PUBLIC
DELETE FROM "dm_dim_alfresco" WHERE "id"=1
INSERT INTO "dm_dim_alfresco" VALUES(1,'Alfresco','admin','admin','http','127.0.0.1','8080','/alfresco/api/-default-/public/search/versions/1/',50000,50000,50000,'Y')
COMMIT
DISCONNECT
/*C75*/SET SCHEMA PUBLIC
DISCONNECT
